#
# A fatal error has been detected by the Java Runtime Environment:
#
#  EXCEPTION_ACCESS_VIOLATION (0xc0000005) at pc=0x000000005cbca7db, pid=2684, tid=0x000000000000255c
#
# JRE version: Java(TM) SE Runtime Environment (8.0_191-b12) (build 1.8.0_191-b12)
# Java VM: Java HotSpot(TM) 64-Bit Server VM (25.191-b12 mixed mode windows-amd64 compressed oops)
# Problematic frame:
# V  [jvm.dll+0x2da7db]
#
# Failed to write core dump. Minidumps are not enabled by default on client versions of Windows
#
# If you would like to submit a bug report, please visit:
#   http://bugreport.java.com/bugreport/crash.jsp
#

---------------  T H R E A D  ---------------

Current thread (0x000000001b81a800):  JavaThread "JDWP Transport Listener: dt_socket" daemon [_thread_in_vm, id=9564, stack(0x000000001c420000,0x000000001c520000)]

siginfo: ExceptionCode=0xc0000005, reading address 0xffffffffffffffff

Registers:
RAX=0x00000000025f5720, RBX=0x000000001c51e560, RCX=0x000000001c51e560, RDX=0x00000000024ceed0
RSP=0x000000001c51e4b0, RBP=0x000000001b81c5c0, RSI=0x00000000023a9830, RDI=0x000000001c51e590
R8 =0xcccccccccc0000c2, R9 =0xcccccccccccccccc, R10=0x0000000000000000, R11=0x00000000025b08da
R12=0x000000001b824b10, R13=0x000000001b824b20, R14=0x000000001b824ef8, R15=0x00000000000003d8
RIP=0x000000005cbca7db, EFLAGS=0x0000000000010246

Top of Stack: (sp=0x000000001c51e4b0)
0x000000001c51e4b0:   000000001c51e560 000000001b81c5c0
0x000000001c51e4c0:   00000000023a9830 000000001b81c5c0
0x000000001c51e4d0:   000000001c51e560 000000005cafe135
0x000000001c51e4e0:   000000001c51eb60 000000005cb37669
0x000000001c51e4f0:   000000001f505f70 000000001c51ebc0
0x000000001c51e500:   000000001c51ebc0 0000000000007fe8
0x000000001c51e510:   000039c45a4d4e4f 000000005cbca7b3
0x000000001c51e520:   000000000000262f 00000000023a9830
0x000000001c51e530:   000000000000262f 000000005cb376e9
0x000000001c51e540:   000000001fa6d5f0 000000005cafe144
0x000000001c51e550:   000000001c51ebd0 000000001fa6cff0
0x000000001c51e560:   000000005cb78200 cccccccccccccccc
0x000000001c51e570:   0000000000000000 0000000000000000
0x000000001c51e580:   cccccccccc0000c2 000000005cb78200
0x000000001c51e590:   0000000000000000 0000000000000000
0x000000001c51e5a0:   0000000000000000 0000000000000000 

Instructions: (pc=0x000000005cbca7db)
0x000000005cbca7bb:   c3 48 83 79 10 00 74 11 48 8b d3 e8 75 fc ff ff
0x000000005cbca7cb:   48 8b c3 48 83 c4 20 5b c3 4c 8b 41 20 48 8b cb
0x000000005cbca7db:   4d 8b 48 08 49 8d 50 10 4d 8b 00 e8 35 1b d4 ff
0x000000005cbca7eb:   48 8b c3 48 83 c4 20 5b c3 cc cc cc cc cc cc cc 


Register to memory mapping:

RAX=0x00000000025f5720 is an unknown value
RBX=0x000000001c51e560 is pointing into the stack for thread: 0x000000001b81a800
RCX=0x000000001c51e560 is pointing into the stack for thread: 0x000000001b81a800
RDX=0x00000000024ceed0 is an unknown value
RSP=0x000000001c51e4b0 is pointing into the stack for thread: 0x000000001b81a800
RBP=0x000000001b81c5c0 is an unknown value
RSI=0x00000000023a9830 is an unknown value
RDI=0x000000001c51e590 is pointing into the stack for thread: 0x000000001b81a800
R8 =0xcccccccccc0000c2 is an unknown value
R9 =0xcccccccccccccccc is an unknown value
R10=0x0000000000000000 is an unknown value
R11=0x00000000025b08da is at begin+179 in a stub
StubRoutines::call_stub [0x00000000025b0827, 0x00000000025b098b[ (356 bytes)
R12=0x000000001b824b10 is an unknown value
R13=0x000000001b824b20 is an unknown value
R14=0x000000001b824ef8 is an unknown value
R15=0x00000000000003d8 is an unknown value


Stack: [0x000000001c420000,0x000000001c520000],  sp=0x000000001c51e4b0,  free space=1017k
Native frames: (J=compiled Java code, j=interpreted, Vv=VM code, C=native code)
V  [jvm.dll+0x2da7db]
V  [jvm.dll+0x20e135]
V  [jvm.dll+0x2476e9]
V  [jvm.dll+0x2472e8]
V  [jvm.dll+0x1acefe]
V  [jvm.dll+0x1aef20]
V  [jvm.dll+0x1a5102]
V  [jvm.dll+0x33cf6b]
C  [jdwp.dll+0x87f6]
C  [jdwp.dll+0xf15d]
C  [jdwp.dll+0x1f5c9]
C  [jdwp.dll+0x1f79e]
V  [jvm.dll+0x1be2ca]
V  [jvm.dll+0x2461df]
V  [jvm.dll+0x29eb9a]
C  [msvcr100.dll+0x21d9f]
C  [msvcr100.dll+0x21e3b]
C  [KERNEL32.DLL+0x17bd4]
C  [ntdll.dll+0x6ce51]


---------------  P R O C E S S  ---------------

Java Threads: ( => current thread )
  0x00000000024b2800 JavaThread "DestroyJavaVM" [_thread_blocked, id=11620, stack(0x0000000002200000,0x0000000002300000)]
  0x000000001f3ee000 JavaThread "TimerQueue" daemon [_thread_blocked, id=21524, stack(0x000000001c620000,0x000000001c720000)]
  0x000000001bb6a800 JavaThread "AWT-EventQueue-0" [_thread_blocked, id=11520, stack(0x000000001e520000,0x000000001e620000)]
  0x000000001ba48000 JavaThread "AWT-Shutdown" [_thread_blocked, id=22384, stack(0x000000001d830000,0x000000001d930000)]
  0x000000001ce8e800 JavaThread "Java2D Disposer" daemon [_thread_blocked, id=15404, stack(0x000000001d660000,0x000000001d760000)]
  0x000000001b912000 JavaThread "Service Thread" daemon [_thread_blocked, id=21936, stack(0x000000001cb20000,0x000000001cc20000)]
  0x000000001b909000 JavaThread "C1 CompilerThread3" daemon [_thread_blocked, id=3148, stack(0x000000001ca20000,0x000000001cb20000)]
  0x000000001b906800 JavaThread "C2 CompilerThread2" daemon [_thread_blocked, id=18320, stack(0x000000001c920000,0x000000001ca20000)]
  0x000000001b905800 JavaThread "C2 CompilerThread1" daemon [_thread_blocked, id=21548, stack(0x000000001c820000,0x000000001c920000)]
  0x000000001b903000 JavaThread "C2 CompilerThread0" daemon [_thread_blocked, id=21144, stack(0x000000001c720000,0x000000001c820000)]
  0x000000001b827000 JavaThread "JDWP Event Helper Thread" daemon [_thread_blocked, id=13340, stack(0x000000001c520000,0x000000001c620000)]
=>0x000000001b81a800 JavaThread "JDWP Transport Listener: dt_socket" daemon [_thread_in_vm, id=9564, stack(0x000000001c420000,0x000000001c520000)]
  0x000000001b811000 JavaThread "Attach Listener" daemon [_thread_blocked, id=436, stack(0x000000001bfe0000,0x000000001c0e0000)]
  0x000000001b810000 JavaThread "Signal Dispatcher" daemon [_thread_blocked, id=3992, stack(0x000000001bee0000,0x000000001bfe0000)]
  0x000000001b801800 JavaThread "Finalizer" daemon [_thread_blocked, id=22492, stack(0x000000001bce0000,0x000000001bde0000)]
  0x000000001b800800 JavaThread "Reference Handler" daemon [_thread_blocked, id=14324, stack(0x000000001bbe0000,0x000000001bce0000)]

Other Threads:
  0x00000000199fa000 VMThread [stack: 0x000000001b6e0000,0x000000001b7e0000] [id=19852]

VM state:not at safepoint (normal execution)

VM Mutex/Monitor currently owned by a thread: None

Heap:
 PSYoungGen      total 56832K, used 22528K [0x0000000780d80000, 0x0000000784c80000, 0x00000007c0000000)
  eden space 49152K, 45% used [0x0000000780d80000,0x0000000782380320,0x0000000783d80000)
  from space 7680K, 0% used [0x0000000784500000,0x0000000784500000,0x0000000784c80000)
  to   space 7680K, 0% used [0x0000000783d80000,0x0000000783d80000,0x0000000784500000)
 ParOldGen       total 130048K, used 0K [0x0000000702800000, 0x000000070a700000, 0x0000000780d80000)
  object space 130048K, 0% used [0x0000000702800000,0x0000000702800000,0x000000070a700000)
 Metaspace       used 12304K, capacity 12492K, committed 12800K, reserved 1060864K
  class space    used 1459K, capacity 1517K, committed 1536K, reserved 1048576K

Card table byte_map: [0x0000000011970000,0x0000000011f60000] byte_map_base: 0x000000000e15c000

Marking Bits: (ParMarkBitMap*) 0x000000005d113e30
 Begin Bits: [0x0000000012b60000, 0x0000000015ac0000)
 End Bits:   [0x0000000015ac0000, 0x0000000018a20000)

Polling page: 0x00000000001f0000

CodeCache: size=245760Kb used=2663Kb max_used=2677Kb free=243096Kb
 bounds [0x00000000025b0000, 0x0000000002850000, 0x00000000115b0000]
 total_blobs=1114 nmethods=629 adapters=406
 compilation: enabled

Compilation events (10 events):
Event: 385.684 Thread 0x000000001b906800  563       4       java.util.ArrayList::get (11 bytes)
Event: 385.685 Thread 0x000000001b906800 nmethod 563 0x00000000027edfd0 code [0x00000000027ee120, 0x00000000027ee238]
Event: 395.353 Thread 0x000000001b909000  564       3       sun.reflect.UnsafeBooleanFieldAccessorImpl::setBoolean (30 bytes)
Event: 395.354 Thread 0x000000001b909000 nmethod 564 0x0000000002826550 code [0x0000000002826780, 0x0000000002827678]
Event: 395.381 Thread 0x000000001b909000  566       1       java.util.IdentityHashMap::size (5 bytes)
Event: 395.381 Thread 0x000000001b909000 nmethod 566 0x00000000027c2e10 code [0x00000000027c2f60, 0x00000000027c3070]
Event: 395.388 Thread 0x000000001b909000  567       3       java.util.concurrent.locks.AbstractQueuedSynchronizer$ConditionObject::doSignalAll (36 bytes)
Event: 395.388 Thread 0x000000001b909000 nmethod 567 0x00000000026ca7d0 code [0x00000000026ca940, 0x00000000026cac68]
Event: 397.020 Thread 0x000000001b909000  568       3       java.nio.Buffer::remaining (10 bytes)
Event: 397.021 Thread 0x000000001b909000 nmethod 568 0x00000000026f7d10 code [0x00000000026f7e60, 0x00000000026f7fb0]

GC Heap History (0 events):
No events

Deoptimization events (0 events):
No events

Classes redefined (0 events):
No events

Internal exceptions (10 events):
Event: 0.069 Thread 0x00000000024b2800 Exception <a 'java/lang/NoSuchMethodError': Method sun.misc.Unsafe.prefetchRead(Ljava/lang/Object;J)V name or signature does not match> (0x0000000780d87f98) thrown at [C:\re\workspace\8-2-build-windows-amd64-cygwin\jdk8u191\11896\hotspot\src\share\vm\prim
Event: 4.507 Thread 0x00000000024b2800 Exception <a 'java/security/PrivilegedActionException'> (0x000000078145c478) thrown at [C:\re\workspace\8-2-build-windows-amd64-cygwin\jdk8u191\11896\hotspot\src\share\vm\prims\jvm.cpp, line 1435]
Event: 4.508 Thread 0x00000000024b2800 Exception <a 'java/security/PrivilegedActionException'> (0x000000078145c688) thrown at [C:\re\workspace\8-2-build-windows-amd64-cygwin\jdk8u191\11896\hotspot\src\share\vm\prims\jvm.cpp, line 1435]
Event: 4.525 Thread 0x00000000024b2800 Exception <a 'java/security/PrivilegedActionException'> (0x000000078145ffb8) thrown at [C:\re\workspace\8-2-build-windows-amd64-cygwin\jdk8u191\11896\hotspot\src\share\vm\prims\jvm.cpp, line 1435]
Event: 4.525 Thread 0x00000000024b2800 Exception <a 'java/security/PrivilegedActionException'> (0x00000007814601c8) thrown at [C:\re\workspace\8-2-build-windows-amd64-cygwin\jdk8u191\11896\hotspot\src\share\vm\prims\jvm.cpp, line 1435]
Event: 4.535 Thread 0x00000000024b2800 Exception <a 'java/io/FileNotFoundException'> (0x000000078146ae48) thrown at [C:\re\workspace\8-2-build-windows-amd64-cygwin\jdk8u191\11896\hotspot\src\share\vm\prims\jni.cpp, line 709]
Event: 4.969 Thread 0x00000000024b2800 Exception <a 'java/lang/NoSuchFieldError': method resolution failed> (0x000000078159a8b8) thrown at [C:\re\workspace\8-2-build-windows-amd64-cygwin\jdk8u191\11896\hotspot\src\share\vm\prims\methodHandles.cpp, line 1167]
Event: 5.013 Thread 0x00000000024b2800 Exception <a 'java/lang/NoSuchFieldError': method resolution failed> (0x00000007815a8730) thrown at [C:\re\workspace\8-2-build-windows-amd64-cygwin\jdk8u191\11896\hotspot\src\share\vm\prims\methodHandles.cpp, line 1167]
Event: 5.978 Thread 0x00000000024b2800 Exception <a 'java/io/FileNotFoundException'> (0x000000078171e158) thrown at [C:\re\workspace\8-2-build-windows-amd64-cygwin\jdk8u191\11896\hotspot\src\share\vm\prims\jni.cpp, line 709]
Event: 83.148 Thread 0x00000000024b2800 Exception <a 'java/lang/StackOverflowError'> (0x0000000781cea848) thrown at [C:\re\workspace\8-2-build-windows-amd64-cygwin\jdk8u191\11896\hotspot\src\share\vm\interpreter\interpreterRuntime.cpp, line 323]

Events (10 events):
Event: 396.916 Thread 0x000000001fc99000 Thread added: 0x000000001fc99000
Event: 396.916 Thread 0x000000001d283800 Thread exited: 0x000000001d283800
Event: 396.934 Executing VM operation: RevokeBias
Event: 396.939 Executing VM operation: RevokeBias done
Event: 396.939 Thread 0x000000001ba48800 Thread exited: 0x000000001ba48800
Event: 397.017 Thread 0x000000001fc99000 Thread exited: 0x000000001fc99000
Event: 397.020 loading class java/lang/Throwable$WrappedPrintStream
Event: 397.020 loading class java/lang/Throwable$PrintStreamOrWriter
Event: 397.020 loading class java/lang/Throwable$PrintStreamOrWriter done
Event: 397.020 loading class java/lang/Throwable$WrappedPrintStream done


Dynamic libraries:
0x00007ff7498a0000 - 0x00007ff7498d7000 	C:\Program Files\Java\jdk\bin\javaw.exe
0x00007ffb98900000 - 0x00007ffb98af0000 	C:\WINDOWS\SYSTEM32\ntdll.dll
0x00007ffb97550000 - 0x00007ffb97602000 	C:\WINDOWS\System32\KERNEL32.DLL
0x00007ffb96650000 - 0x00007ffb968f4000 	C:\WINDOWS\System32\KERNELBASE.dll
0x00007ffb980c0000 - 0x00007ffb98163000 	C:\WINDOWS\System32\ADVAPI32.dll
0x00007ffb97610000 - 0x00007ffb976ae000 	C:\WINDOWS\System32\msvcrt.dll
0x00007ffb985c0000 - 0x00007ffb98657000 	C:\WINDOWS\System32\sechost.dll
0x00007ffb96a20000 - 0x00007ffb96b40000 	C:\WINDOWS\System32\RPCRT4.dll
0x00007ffb981f0000 - 0x00007ffb98384000 	C:\WINDOWS\System32\USER32.dll
0x00007ffb95890000 - 0x00007ffb958b1000 	C:\WINDOWS\System32\win32u.dll
0x00007ffb98810000 - 0x00007ffb98836000 	C:\WINDOWS\System32\GDI32.dll
0x00007ffb964b0000 - 0x00007ffb96644000 	C:\WINDOWS\System32\gdi32full.dll
0x00007ffb96210000 - 0x00007ffb962ae000 	C:\WINDOWS\System32\msvcp_win.dll
0x00007ffb962b0000 - 0x00007ffb963aa000 	C:\WINDOWS\System32\ucrtbase.dll
0x00007ffb732d0000 - 0x00007ffb73554000 	C:\WINDOWS\WinSxS\amd64_microsoft.windows.common-controls_6595b64144ccf1df_6.0.18362.836_none_e6c4b943130f18ed\COMCTL32.dll
0x00007ffb96da0000 - 0x00007ffb970d6000 	C:\WINDOWS\System32\combase.dll
0x00007ffb963b0000 - 0x00007ffb96430000 	C:\WINDOWS\System32\bcryptPrimitives.dll
0x00007ffb98090000 - 0x00007ffb980be000 	C:\WINDOWS\System32\IMM32.DLL
0x000000005f2c0000 - 0x000000005f392000 	C:\Program Files\Java\jdk\jre\bin\msvcr100.dll
0x000000005c8f0000 - 0x000000005d194000 	C:\Program Files\Java\jdk\jre\bin\server\jvm.dll
0x00007ffb96a10000 - 0x00007ffb96a18000 	C:\WINDOWS\System32\PSAPI.DLL
0x00007ffb75500000 - 0x00007ffb75509000 	C:\WINDOWS\SYSTEM32\WSOCK32.dll
0x00007ffb8c7c0000 - 0x00007ffb8c7e4000 	C:\WINDOWS\SYSTEM32\WINMM.dll
0x00007ffb8b1f0000 - 0x00007ffb8b1fa000 	C:\WINDOWS\SYSTEM32\VERSION.dll
0x00007ffb98170000 - 0x00007ffb981df000 	C:\WINDOWS\System32\WS2_32.dll
0x00007ffb8c760000 - 0x00007ffb8c78d000 	C:\WINDOWS\SYSTEM32\WINMMBASE.dll
0x00007ffb958c0000 - 0x00007ffb9590a000 	C:\WINDOWS\System32\cfgmgr32.dll
0x000000005ed30000 - 0x000000005ed3f000 	C:\Program Files\Java\jdk\jre\bin\verify.dll
0x000000005d380000 - 0x000000005d3a9000 	C:\Program Files\Java\jdk\jre\bin\java.dll
0x000000005c5d0000 - 0x000000005c605000 	C:\Program Files\Java\jdk\jre\bin\jdwp.dll
0x000000005f210000 - 0x000000005f218000 	C:\Program Files\Java\jdk\jre\bin\npt.dll
0x000000005c5a0000 - 0x000000005c5c3000 	C:\Program Files\Java\jdk\jre\bin\instrument.dll
0x000000005d360000 - 0x000000005d376000 	C:\Program Files\Java\jdk\jre\bin\zip.dll
0x00007ffb979a0000 - 0x00007ffb98084000 	C:\WINDOWS\System32\SHELL32.dll
0x00007ffb98390000 - 0x00007ffb98439000 	C:\WINDOWS\System32\shcore.dll
0x00007ffb95910000 - 0x00007ffb9608e000 	C:\WINDOWS\System32\windows.storage.dll
0x00007ffb957f0000 - 0x00007ffb95813000 	C:\WINDOWS\System32\profapi.dll
0x00007ffb95840000 - 0x00007ffb9588a000 	C:\WINDOWS\System32\powrprof.dll
0x00007ffb957c0000 - 0x00007ffb957d0000 	C:\WINDOWS\System32\UMPDC.dll
0x00007ffb969b0000 - 0x00007ffb96a02000 	C:\WINDOWS\System32\shlwapi.dll
0x00007ffb957d0000 - 0x00007ffb957e1000 	C:\WINDOWS\System32\kernel.appcore.dll
0x00007ffb96490000 - 0x00007ffb964a7000 	C:\WINDOWS\System32\cryptsp.dll
0x000000005f200000 - 0x000000005f209000 	C:\Program Files\Java\jdk\jre\bin\dt_socket.dll
0x00007ffb76d30000 - 0x00007ffb76d46000 	C:\WINDOWS\system32\napinsp.dll
0x00007ffb74570000 - 0x00007ffb7458a000 	C:\WINDOWS\system32\pnrpnsp.dll
0x00007ffb95030000 - 0x00007ffb95097000 	C:\WINDOWS\System32\mswsock.dll
0x00007ffb94d80000 - 0x00007ffb94e4b000 	C:\WINDOWS\SYSTEM32\DNSAPI.dll
0x00007ffb981e0000 - 0x00007ffb981e8000 	C:\WINDOWS\System32\NSI.dll
0x00007ffb94d40000 - 0x00007ffb94d7a000 	C:\WINDOWS\SYSTEM32\IPHLPAPI.DLL
0x00007ffb7d080000 - 0x00007ffb7d08e000 	C:\WINDOWS\System32\winrnr.dll
0x00007ffb8f450000 - 0x00007ffb8f46c000 	C:\WINDOWS\system32\NLAapi.dll
0x00007ffb66f00000 - 0x00007ffb66f15000 	C:\WINDOWS\system32\wshbth.dll
0x00007ffb89560000 - 0x00007ffb895d7000 	C:\WINDOWS\System32\fwpuclnt.dll
0x00007ffb96090000 - 0x00007ffb960b6000 	C:\WINDOWS\System32\bcrypt.dll
0x00007ffb85ec0000 - 0x00007ffb85eca000 	C:\Windows\System32\rasadhlp.dll
0x000000005d670000 - 0x000000005d809000 	C:\Program Files\Java\jdk\jre\bin\awt.dll
0x00007ffb97770000 - 0x00007ffb97834000 	C:\WINDOWS\System32\OLEAUT32.dll
0x00007ffb8f4b0000 - 0x00007ffb8f53f000 	C:\WINDOWS\SYSTEM32\apphelp.dll
0x00007ffb93bb0000 - 0x00007ffb93bdd000 	C:\WINDOWS\system32\DWMAPI.DLL
0x00007ffb8f5d0000 - 0x00007ffb8f669000 	C:\WINDOWS\system32\uxtheme.dll
0x00007ffb70680000 - 0x00007ffb707d6000 	C:\WINDOWS\system32\opengl32.dll
0x00007ffb8bcd0000 - 0x00007ffb8bcfc000 	C:\WINDOWS\SYSTEM32\GLU32.dll
0x00007ffb944a0000 - 0x00007ffb944c0000 	C:\WINDOWS\SYSTEM32\dxcore.dll
0x00007ffb96b40000 - 0x00007ffb96c76000 	C:\WINDOWS\System32\MSCTF.dll
0x00007ffb97840000 - 0x00007ffb97997000 	C:\WINDOWS\System32\ole32.dll
0x000000005f270000 - 0x000000005f2b7000 	C:\Program Files\Java\jdk\jre\bin\fontmanager.dll
0x000000005d340000 - 0x000000005d35a000 	C:\Program Files\Java\jdk\jre\bin\net.dll
0x000000005c7f0000 - 0x000000005c801000 	C:\Program Files\Java\jdk\jre\bin\nio.dll
0x000000005f220000 - 0x000000005f262000 	C:\Program Files\Java\jdk\jre\bin\t2k.dll
0x00007ffb98440000 - 0x00007ffb984e2000 	C:\WINDOWS\System32\clbcatq.dll
0x00007ffb895e0000 - 0x00007ffb8978f000 	C:\WINDOWS\SYSTEM32\WindowsCodecs.dll
0x00007ffb67230000 - 0x00007ffb67295000 	C:\WINDOWS\system32\Oleacc.dll
0x00007ffb6b440000 - 0x00007ffb6b4de000 	C:\WINDOWS\System32\TextInputFramework.dll
0x00007ffb89e50000 - 0x00007ffb8a17a000 	C:\WINDOWS\System32\CoreUIComponents.dll
0x00007ffb8f060000 - 0x00007ffb8f134000 	C:\WINDOWS\System32\CoreMessaging.dll
0x00007ffb94820000 - 0x00007ffb94851000 	C:\WINDOWS\SYSTEM32\ntmarta.dll
0x00007ffb8d5e0000 - 0x00007ffb8d733000 	C:\WINDOWS\SYSTEM32\wintypes.dll
0x00007ffb7ec60000 - 0x00007ffb7ef06000 	C:\WINDOWS\System32\iertutil.dll
0x00007ffb940d0000 - 0x00007ffb942c4000 	C:\WINDOWS\SYSTEM32\dbghelp.dll

VM Arguments:
jvm_args: -agentlib:jdwp=transport=dt_socket,suspend=y,address=localhost:51603 -javaagent:C:\Users\yk324\Desktop\java-2019-12\eclipse\configuration\org.eclipse.osgi\226\0\.cp\lib\javaagent-shaded.jar -Dfile.encoding=Cp1252 
java_command: Main
java_class_path (initial): C:\Users\yk324\git\Cars\Cars\bin;C:\Users\yk324\.p2\pool\plugins\org.junit_4.12.0.v201504281640\junit.jar;C:\Users\yk324\Desktop\java-2019-12\eclipse\configuration\org.eclipse.osgi\226\0\.cp\lib\javaagent-shaded.jar
Launcher Type: SUN_STANDARD

Environment Variables:
PATH=C:\Program Files\Java\jdk\jre\bin;C:/Program Files/Java/jdk/bin/../jre/bin/server;C:/Program Files/Java/jdk/bin/../jre/bin;C:/Program Files/Java/jdk/bin/../jre/lib/amd64;C:\Program Files (x86)\Intel\Intel(R) Management Engine Components\iCLS\;C:\Program Files\Intel\Intel(R) Management Engine Components\iCLS\;C:\WINDOWS\system32;C:\WINDOWS;C:\WINDOWS\System32\Wbem;C:\WINDOWS\System32\WindowsPowerShell\v1.0\;C:\WINDOWS\System32\OpenSSH\;C:\Program Files (x86)\Intel\Intel(R) Management Engine Components\DAL;C:\Program Files\Intel\Intel(R) Management Engine Components\DAL;C:\Program Files (x86)\Intel\Intel(R) Management Engine Components\IPT;C:\Program Files\Intel\Intel(R) Management Engine Components\IPT;C:\Program Files\Java\jdk\bin;C:\Program Files\Java\jre\bin;C:\Program Files\PuTTY\;C:\Users\yk324\AppData\Local\Microsoft\WindowsApps;C:\Users\yk324\AppData\Local\Programs\Microsoft VS Code\bin;C:\Users\yk324\AppData\Local\GitHubDesktop\bin;%USERPROFILE%\AppData\Local\Microsoft\WindowsApps;;C:\WINDOWS\System32;
USERNAME=yk324
OS=Windows_NT
PROCESSOR_IDENTIFIER=Intel64 Family 6 Model 142 Stepping 10, GenuineIntel



---------------  S Y S T E M  ---------------

OS: Windows 10.0 , 64 bit Build 18362 (10.0.18362.778)

CPU:total 8 (initial active 8) (4 cores per cpu, 2 threads per core) family 6 model 142 stepping 10, cmov, cx8, fxsr, mmx, sse, sse2, sse3, ssse3, sse4.1, sse4.2, popcnt, avx, avx2, aes, clmul, erms, 3dnowpref, lzcnt, ht, tsc, tscinvbit, bmi1, bmi2, adx

Memory: 4k page, physical 12413092k(6725304k free), swap 14313636k(6258432k free)

vm_info: Java HotSpot(TM) 64-Bit Server VM (25.191-b12) for windows-amd64 JRE (1.8.0_191-b12), built on Oct  6 2018 09:29:03 by "java_re" with MS VC++ 10.0 (VS2010)

time: Wed Jun 03 00:11:20 2020
elapsed time: 397 seconds (0d 0h 6m 37s)

